<?xml version="1.0" encoding="UTF-8"?>
<!-- Generated by org.testng.reporters.JUnitReportReporter -->
<testsuite skipped="0" hostname="Syful-Lenovo" name="Academy.Homepage" tests="2" failures="0" timestamp="2018-11-20T01:35:31 EST" time="20.418" errors="0">
  <testcase name="basePageNavigation" time="13.502" classname="Academy.Homepage"/>
  <testcase name="basePageNavigation" time="6.916" classname="Academy.Homepage"/>
</testsuite> <!-- Academy.Homepage -->
