<?xml version="1.0" encoding="UTF-8"?>
<!-- Generated by org.testng.reporters.JUnitReportReporter -->
<testsuite skipped="0" hostname="Syful-Lenovo" name="Academy.Homepage" tests="2" failures="0" timestamp="2018-11-20T02:06:13 EST" time="17.251" errors="0">
  <testcase name="validateLoginFunction" time="10.772" classname="Academy.Homepage"/>
  <testcase name="validateLoginFunction" time="6.479" classname="Academy.Homepage"/>
</testsuite> <!-- Academy.Homepage -->
