<?xml version="1.0" encoding="UTF-8"?>
<!-- Generated by org.testng.reporters.JUnitReportReporter -->
<testsuite skipped="0" hostname="Syful-Lenovo" name="CucumberOption.TestRunner" tests="1" failures="0" timestamp="2018-11-22T14:28:47 EST" time="58.701" errors="0">
  <testcase name="feature" time="58.701" classname="CucumberOption.TestRunner"/>
</testsuite> <!-- CucumberOption.TestRunner -->
