<?xml version="1.0" encoding="UTF-8"?>
<!-- Generated by org.testng.reporters.JUnitReportReporter -->
<testsuite skipped="0" hostname="Syful-Lenovo" name="Academy.Homepage" tests="2" failures="0" timestamp="2018-11-22T14:28:47 EST" time="17.287" errors="0">
  <testcase name="validateLoginFunction" time="5.361" classname="Academy.Homepage"/>
  <testcase name="validateLoginFunction" time="11.926" classname="Academy.Homepage"/>
</testsuite> <!-- Academy.Homepage -->
