<?xml version="1.0" encoding="UTF-8"?>
<!-- Generated by org.testng.reporters.JUnitReportReporter -->
<testsuite skipped="0" hostname="Syful-Lenovo" name="Academy.validateNavbar" tests="1" failures="0" timestamp="2018-11-22T14:28:47 EST" time="0.032" errors="0">
  <testcase name="validateNavigationbar" time="0.032" classname="Academy.validateNavbar"/>
</testsuite> <!-- Academy.validateNavbar -->
