<?xml version="1.0" encoding="UTF-8"?>
<!-- Generated by org.testng.reporters.JUnitReportReporter -->
<testsuite skipped="0" hostname="Syful-Lenovo" name="Academy.validateTitle" tests="1" failures="0" timestamp="2018-11-22T14:28:47 EST" time="0.082" errors="0">
  <testcase name="ValidateText" time="0.082" classname="Academy.validateTitle"/>
</testsuite> <!-- Academy.validateTitle -->
